Copyright 1986-2020 Xilinx, Inc. All Rights Reserved.
------------------------------------------------------------------------------------------
| Tool Version : Vivado v.2020.1 (win64) Build 2902540 Wed May 27 19:54:49 MDT 2020
| Date         : Wed Feb 11 12:02:12 2026
| Host         : praveenraj_rs running 64-bit major release  (build 9200)
| Command      : report_control_sets -verbose -file snake_wrapper_control_sets_placed.rpt
| Design       : snake_wrapper
| Device       : xc7a35t
------------------------------------------------------------------------------------------

Control Set Information

Table of Contents
-----------------
1. Summary
2. Histogram
3. Flip-Flop Distribution
4. Detailed Control Set Information

1. Summary
----------

+----------------------------------------------------------+-------+
|                          Status                          | Count |
+----------------------------------------------------------+-------+
| Total control sets                                       |    25 |
|    Minimum number of control sets                        |    25 |
|    Addition due to synthesis replication                 |     0 |
|    Addition due to physical synthesis replication        |     0 |
| Unused register locations in slices containing registers |    80 |
+----------------------------------------------------------+-------+
* Control sets can be merged at opt_design using control_set_merge or merge_equivalent_drivers
** Run report_qor_suggestions for automated merging and remapping suggestions


2. Histogram
------------

+--------------------+-------+
|       Fanout       | Count |
+--------------------+-------+
| Total control sets |    25 |
| >= 0 to < 4        |     1 |
| >= 4 to < 6        |     5 |
| >= 6 to < 8        |     2 |
| >= 8 to < 10       |     3 |
| >= 10 to < 12      |     3 |
| >= 12 to < 14      |     3 |
| >= 14 to < 16      |     0 |
| >= 16              |     8 |
+--------------------+-------+
* Control sets can be remapped at either synth_design or opt_design


3. Flip-Flop Distribution
-------------------------

+--------------+-----------------------+------------------------+-----------------+--------------+
| Clock Enable | Synchronous Set/Reset | Asynchronous Set/Reset | Total Registers | Total Slices |
+--------------+-----------------------+------------------------+-----------------+--------------+
| No           | No                    | No                     |              20 |           13 |
| No           | No                    | Yes                    |               5 |            3 |
| No           | Yes                   | No                     |             135 |           42 |
| Yes          | No                    | No                     |              41 |           13 |
| Yes          | No                    | Yes                    |               0 |            0 |
| Yes          | Yes                   | No                     |             359 |          106 |
+--------------+-----------------------+------------------------+-----------------+--------------+


4. Detailed Control Set Information
-----------------------------------

+----------------------------------------+--------------------------------------------------+------------------------------------------------------+------------------+----------------+--------------+
|              Clock Signal              |                   Enable Signal                  |                   Set/Reset Signal                   | Slice Load Count | Bel Load Count | Bels / Slice |
+----------------------------------------+--------------------------------------------------+------------------------------------------------------+------------------+----------------+--------------+
|  CLK_IBUF_BUFG                         |                                                  | RESET_IBUF                                           |                2 |              3 |         1.50 |
|  CLK_IBUF_BUFG                         | Score/SecDecimal/E[0]                            | Master/SR[0]                                         |                1 |              4 |         4.00 |
|  CLK_IBUF_BUFG                         | Score/Seconds/E[0]                               | Master/SR[0]                                         |                2 |              4 |         2.00 |
|  CLK_IBUF_BUFG                         | Score/OneSecond/E[0]                             | Master/SR[0]                                         |                1 |              4 |         4.00 |
|  CLK_IBUF_BUFG                         | Control/TARGET_REACHED_reg_0[0]                  | Master/SR[0]                                         |                1 |              4 |         4.00 |
|  CLK_IBUF_BUFG                         | Control/SnakeVar[4]_i_1_n_0                      |                                                      |                2 |              5 |         2.50 |
|  CLK_IBUF_BUFG                         | Control/FreqCounter/Trigger_out_reg_0[0]         | Master/SR[0]                                         |                3 |              7 |         2.33 |
|  CLK_IBUF_BUFG                         | Control/TARGET_REACHED                           | Target/TARGET_ADDR_V[6]_i_1_n_0                      |                2 |              7 |         3.50 |
|  CLK_IBUF_BUFG                         | Navigation/FSM_sequential_Curr_state_reg[0]_0[0] | Master/SR[0]                                         |                2 |              8 |         4.00 |
|  CLK_IBUF_BUFG                         | Control/TARGET_REACHED                           | Target/TARGET_ADDR_H[7]_i_1_n_0                      |                2 |              8 |         4.00 |
|  CLK_IBUF_BUFG                         |                                                  | VGA/VerticalCounter/SR[0]                            |                3 |              9 |         3.00 |
|  CLK_IBUF_BUFG                         |                                                  | VGA/HorizCounter/SR[0]                               |                3 |             10 |         3.33 |
|  CLK_IBUF_BUFG                         | VGA/FreqCounter/TRIG_1                           |                                                      |                3 |             10 |         3.33 |
|  CLK_IBUF_BUFG                         | VGA/HorizCounter/HorTriggOut                     |                                                      |                4 |             10 |         2.50 |
|  Control/ColourFreqCounter/Trigger_out |                                                  | Control/ColCounter/count_value[11]_i_1__0_n_0        |                3 |             12 |         4.00 |
|  CLK_IBUF_BUFG                         |                                                  | Master/FSM_sequential_Curr_state_reg[1]_0[0]         |                6 |             12 |         2.00 |
|  CLK_IBUF_BUFG                         |                                                  | VGA/HorizCounter/count_value_reg[9]_0                |                4 |             12 |         3.00 |
|  CLK_IBUF_BUFG                         |                                                  | Score/DispRefresh/count_value[16]_i_1__0_n_0         |                4 |             16 |         4.00 |
|  CLK_IBUF_BUFG                         | VGA/FrameCount0                                  |                                                      |                4 |             16 |         4.00 |
|  CLK_IBUF_BUFG                         |                                                  |                                                      |               13 |             20 |         1.54 |
|  CLK_IBUF_BUFG                         |                                                  | Master/SR[0]                                         |                8 |             22 |         2.75 |
|  CLK_IBUF_BUFG                         |                                                  | Control/FreqCounter/count_value[22]_i_1__0_n_0       |                6 |             22 |         3.67 |
|  CLK_IBUF_BUFG                         |                                                  | Control/ColourFreqCounter/count_value[22]_i_1__1_n_0 |                6 |             22 |         3.67 |
|  CLK_IBUF_BUFG                         | Master/E[0]                                      | Master/SR[0]                                         |                9 |             28 |         3.11 |
|  CLK_IBUF_BUFG                         | Control/FreqCounter/E[0]                         | Master/SR[0]                                         |               83 |            285 |         3.43 |
+----------------------------------------+--------------------------------------------------+------------------------------------------------------+------------------+----------------+--------------+


