Vivado Simulator 2020.1
Copyright 1986-1999, 2001-2020 Xilinx, Inc. All Rights Reserved.
Running: C:/Xilinx/Vivado/2020.1/bin/unwrapped/win64.o/xelab.exe -wto 0f782f71a8244d1389558ab33ae99a49 --incr --debug typical --relax --mt 2 -L xil_defaultlib -L unisims_ver -L unimacro_ver -L secureip --snapshot snake_wrapper_behav xil_defaultlib.snake_wrapper xil_defaultlib.glbl -log elaborate.log 
Using 2 slave threads.
Starting static elaboration
Pass Through NonSizing Optimizer
WARNING: [VRFC 10-3091] actual bit length 9 differs from formal bit length 10 for port 'ADDRY' [C:/Users/prave/Desktop/FPGA_Baysys3_Snake_Game/Firmwares/snake_game/snake_game.srcs/sources_1/new/snake_wrapper.v:72]
Completed static elaboration
Starting simulation data flow analysis
Completed simulation data flow analysis
Time Resolution for simulation is 1ps
Compiling module xil_defaultlib.Master_state_machine
Compiling module xil_defaultlib.Navigation_state_machine
Compiling module xil_defaultlib.random_num_gen
Compiling module xil_defaultlib.Multiplexer_4way
Compiling module xil_defaultlib.Generic_counter(COUNTER_WIDTH=17...
Compiling module xil_defaultlib.Generic_counter(COUNTER_WIDTH=2)
Compiling module xil_defaultlib.Generic_counter(COUNTER_WIDTH=4)
Compiling module xil_defaultlib.decode_world
Compiling module xil_defaultlib.Generic_counter(COUNTER_WIDTH=28...
Compiling module xil_defaultlib.Score_counter
Compiling module xil_defaultlib.Generic_counter(COUNTER_WIDTH=10...
Compiling module xil_defaultlib.VGA_module
Compiling module xil_defaultlib.Generic_counter(COUNTER_WIDTH=23...
Compiling module xil_defaultlib.Generic_counter(COUNTER_WIDTH=12...
Compiling module xil_defaultlib.Snake_control_default
Compiling module xil_defaultlib.snake_wrapper
Compiling module xil_defaultlib.glbl
Built simulation snapshot snake_wrapper_behav
