INFO: [VRFC 10-2263] Analyzing Verilog file "C:/Users/prave/Desktop/FPGA_Baysys3_Snake_Game/Firmwares/snake_game/snake_game.srcs/sources_1/new/Generic_counter.v" into library xil_defaultlib
INFO: [VRFC 10-311] analyzing module Generic_counter
INFO: [VRFC 10-2263] Analyzing Verilog file "C:/Users/prave/Desktop/FPGA_Baysys3_Snake_Game/Firmwares/snake_game/snake_game.srcs/sources_1/new/Master_state_machine.v" into library xil_defaultlib
INFO: [VRFC 10-311] analyzing module Master_state_machine
INFO: [VRFC 10-2263] Analyzing Verilog file "C:/Users/prave/Desktop/FPGA_Baysys3_Snake_Game/Firmwares/snake_game/snake_game.srcs/sources_1/new/Multiplexer_4way.v" into library xil_defaultlib
INFO: [VRFC 10-311] analyzing module Multiplexer_4way
INFO: [VRFC 10-2263] Analyzing Verilog file "C:/Users/prave/Desktop/FPGA_Baysys3_Snake_Game/Firmwares/snake_game/snake_game.srcs/sources_1/new/Navigation_state_machine.v" into library xil_defaultlib
INFO: [VRFC 10-311] analyzing module Navigation_state_machine
INFO: [VRFC 10-2263] Analyzing Verilog file "C:/Users/prave/Desktop/FPGA_Baysys3_Snake_Game/Firmwares/snake_game/snake_game.srcs/sources_1/new/Score_counter.v" into library xil_defaultlib
INFO: [VRFC 10-311] analyzing module Score_counter
INFO: [VRFC 10-2263] Analyzing Verilog file "C:/Users/prave/Desktop/FPGA_Baysys3_Snake_Game/Firmwares/snake_game/snake_game.srcs/sources_1/new/Snake_control.v" into library xil_defaultlib
INFO: [VRFC 10-311] analyzing module Snake_control
INFO: [VRFC 10-2263] Analyzing Verilog file "C:/Users/prave/Desktop/FPGA_Baysys3_Snake_Game/Firmwares/snake_game/snake_game.srcs/sources_1/new/VGA_module.v" into library xil_defaultlib
INFO: [VRFC 10-311] analyzing module VGA_module
INFO: [VRFC 10-2263] Analyzing Verilog file "C:/Users/prave/Desktop/FPGA_Baysys3_Snake_Game/Firmwares/snake_game/snake_game.srcs/sources_1/new/decode_world.v" into library xil_defaultlib
INFO: [VRFC 10-311] analyzing module decode_world
INFO: [VRFC 10-2263] Analyzing Verilog file "C:/Users/prave/Desktop/FPGA_Baysys3_Snake_Game/Firmwares/snake_game/snake_game.srcs/sources_1/new/random_num_gen.v" into library xil_defaultlib
INFO: [VRFC 10-311] analyzing module random_num_gen
INFO: [VRFC 10-2263] Analyzing Verilog file "C:/Users/prave/Desktop/FPGA_Baysys3_Snake_Game/Firmwares/snake_game/snake_game.srcs/sources_1/new/snake_wrapper.v" into library xil_defaultlib
INFO: [VRFC 10-311] analyzing module snake_wrapper
INFO: [VRFC 10-2263] Analyzing Verilog file "C:/Users/prave/Desktop/FPGA_Baysys3_Snake_Game/Firmwares/snake_game/snake_game.sim/sim_1/behav/xsim/glbl.v" into library xil_defaultlib
INFO: [VRFC 10-311] analyzing module glbl
